<?xml version="1.0" encoding="UTF-8"?>
<testsuite name="DateeTest" tests="7" skipped="0" failures="0" errors="0" timestamp="2022-08-19T11:10:17" hostname="MacBook-Air-Vasyl.local" time="0.027">
  <properties/>
  <testcase name="checkCreationThirdFormatDate()" classname="DateeTest" time="0.023"/>
  <testcase name="checkCreationSecondFormatDate()" classname="DateeTest" time="0.001"/>
  <testcase name="checkCreationFourthFormatDate()" classname="DateeTest" time="0.0"/>
  <testcase name="checkCreationSeventhFormatDate()" classname="DateeTest" time="0.0"/>
  <testcase name="checkCreationFifthFormatDate()" classname="DateeTest" time="0.001"/>
  <testcase name="checkCreationFirstFormatDate()" classname="DateeTest" time="0.0"/>
  <testcase name="checkCreationSixthFormatDate()" classname="DateeTest" time="0.001"/>
  <system-out><![CDATA[]]></system-out>
  <system-err><![CDATA[]]></system-err>
</testsuite>
